d:\baiduyundownload\多媒体技术\bmptojpg\debug\bmptojpg.pch
d:\baiduyundownload\多媒体技术\bmptojpg\debug\vc140.pdb
d:\baiduyundownload\多媒体技术\bmptojpg\debug\vc140.idb
d:\baiduyundownload\多媒体技术\bmptojpg\debug\stdafx.obj
d:\baiduyundownload\多媒体技术\bmptojpg\debug\bmptojpg.obj
d:\baiduyundownload\多媒体技术\bmptojpg\debug\bmptojpgdlg.obj
d:\baiduyundownload\多媒体技术\bmptojpg\debug\jpgtobmp.obj
d:\baiduyundownload\多媒体技术\bmptojpg\bmptojpg.ilk
d:\baiduyundownload\多媒体技术\bmptojpg\bmptojpg.exe
d:\baiduyundownload\多媒体技术\bmptojpg\debug\bmptojpg.pdb
d:\baiduyundownload\多媒体技术\bmptojpg\debug\bmptojpg.res
d:\baiduyundownload\多媒体技术\bmptojpg\debug\bmptojpg.tlog\cl.command.1.tlog
d:\baiduyundownload\多媒体技术\bmptojpg\debug\bmptojpg.tlog\cl.read.1.tlog
d:\baiduyundownload\多媒体技术\bmptojpg\debug\bmptojpg.tlog\cl.write.1.tlog
d:\baiduyundownload\多媒体技术\bmptojpg\debug\bmptojpg.tlog\link.command.1.tlog
d:\baiduyundownload\多媒体技术\bmptojpg\debug\bmptojpg.tlog\link.read.1.tlog
d:\baiduyundownload\多媒体技术\bmptojpg\debug\bmptojpg.tlog\link.write.1.tlog
d:\baiduyundownload\多媒体技术\bmptojpg\debug\bmptojpg.tlog\rc.command.1.tlog
d:\baiduyundownload\多媒体技术\bmptojpg\debug\bmptojpg.tlog\rc.read.1.tlog
d:\baiduyundownload\多媒体技术\bmptojpg\debug\bmptojpg.tlog\rc.write.1.tlog
