d:\bmpvsjpg\bmpvsjpg\debug\bmpvsjpg.pch
d:\bmpvsjpg\bmpvsjpg\debug\vc140.pdb
d:\bmpvsjpg\bmpvsjpg\debug\vc140.idb
d:\bmpvsjpg\bmpvsjpg\debug\stdafx.sbr
d:\bmpvsjpg\bmpvsjpg\debug\stdafx.obj
d:\bmpvsjpg\bmpvsjpg\debug\jpeg.sbr
d:\bmpvsjpg\bmpvsjpg\debug\ip.sbr
d:\bmpvsjpg\bmpvsjpg\debug\huffman.sbr
d:\bmpvsjpg\bmpvsjpg\debug\dibapi.sbr
d:\bmpvsjpg\bmpvsjpg\debug\dib.sbr
d:\bmpvsjpg\bmpvsjpg\debug\cqoctree.sbr
d:\bmpvsjpg\bmpvsjpg\debug\bmpvsjpgdlg.sbr
d:\bmpvsjpg\bmpvsjpg\debug\bmpvsjpg.sbr
d:\bmpvsjpg\bmpvsjpg\debug\bmpvsjpg.obj
d:\bmpvsjpg\bmpvsjpg\debug\bmpvsjpgdlg.obj
d:\bmpvsjpg\bmpvsjpg\debug\cqoctree.obj
d:\bmpvsjpg\bmpvsjpg\debug\dib.obj
d:\bmpvsjpg\bmpvsjpg\debug\dibapi.obj
d:\bmpvsjpg\bmpvsjpg\debug\huffman.obj
d:\bmpvsjpg\bmpvsjpg\debug\ip.obj
d:\bmpvsjpg\bmpvsjpg\debug\jpeg.obj
d:\bmpvsjpg\bmpvsjpg\debug\bmpvsjpg.res
d:\bmpvsjpg\bmpvsjpg\debug\bmpvsjpg.pdb
d:\bmpvsjpg\bmpvsjpg\debug\bmpvsjpg.tlog\cl.command.1.tlog
d:\bmpvsjpg\bmpvsjpg\debug\bmpvsjpg.tlog\cl.read.1.tlog
d:\bmpvsjpg\bmpvsjpg\debug\bmpvsjpg.tlog\cl.write.1.tlog
d:\bmpvsjpg\bmpvsjpg\debug\bmpvsjpg.tlog\link-cvtres.read.1.tlog
d:\bmpvsjpg\bmpvsjpg\debug\bmpvsjpg.tlog\link-cvtres.write.1.tlog
d:\bmpvsjpg\bmpvsjpg\debug\bmpvsjpg.tlog\link-mt.read.1.tlog
d:\bmpvsjpg\bmpvsjpg\debug\bmpvsjpg.tlog\link-mt.write.1.tlog
d:\bmpvsjpg\bmpvsjpg\debug\bmpvsjpg.tlog\link-rc.read.1.tlog
d:\bmpvsjpg\bmpvsjpg\debug\bmpvsjpg.tlog\link-rc.write.1.tlog
d:\bmpvsjpg\bmpvsjpg\debug\bmpvsjpg.tlog\link.command.1.tlog
d:\bmpvsjpg\bmpvsjpg\debug\bmpvsjpg.tlog\link.read.1.tlog
d:\bmpvsjpg\bmpvsjpg\debug\bmpvsjpg.tlog\link.write.1.tlog
d:\bmpvsjpg\bmpvsjpg\debug\bmpvsjpg.tlog\rc.command.1.tlog
d:\bmpvsjpg\bmpvsjpg\debug\bmpvsjpg.tlog\rc.read.1.tlog
d:\bmpvsjpg\bmpvsjpg\debug\bmpvsjpg.tlog\rc.write.1.tlog
